<?xml version="1.0" encoding="UTF-8"?>
<testsuite name="test.GetTablesTests" tests="8" skipped="0" failures="0" errors="0" timestamp="2019-01-17T12:22:56" hostname="MacBook-Pro-de-Pedro.local" time="0.622">
  <properties/>
  <testcase name="getTablesFormatTestNoSchema" classname="test.GetTablesTests" time="0.216"/>
  <testcase name="getTablesContentTest2NoSchema" classname="test.GetTablesTests" time="0.057"/>
  <testcase name="getTablesContentTest" classname="test.GetTablesTests" time="0.056"/>
  <testcase name="getTablesStatusCodeTest" classname="test.GetTablesTests" time="0.065"/>
  <testcase name="getTablesContentTestNoSchema" classname="test.GetTablesTests" time="0.054"/>
  <testcase name="getTablesStatusCodeTestNoSchema" classname="test.GetTablesTests" time="0.056"/>
  <testcase name="getTablesContentTest2" classname="test.GetTablesTests" time="0.058"/>
  <testcase name="getTablesFormatTest" classname="test.GetTablesTests" time="0.058"/>
  <system-out><![CDATA[12:22:55.843 [Test worker] DEBUG io.netty.util.internal.logging.InternalLoggerFactory - Using Log4J2 as the default logging framework
12:22:55.849 [Test worker] DEBUG io.netty.util.ResourceLeakDetector - -Dio.netty.leakDetection.level: simple
12:22:55.849 [Test worker] DEBUG io.netty.util.ResourceLeakDetector - -Dio.netty.leakDetection.targetRecords: 4
12:22:55.863 [Test worker] DEBUG io.netty.channel.MultithreadEventLoopGroup - -Dio.netty.eventLoopThreads: 16
12:22:55.884 [Test worker] DEBUG io.netty.channel.nio.NioEventLoop - -Dio.netty.noKeySetOptimization: false
12:22:55.885 [Test worker] DEBUG io.netty.channel.nio.NioEventLoop - -Dio.netty.selectorAutoRebuildThreshold: 512
12:22:55.895 [Test worker] DEBUG io.netty.util.internal.PlatformDependent - Platform: MacOS
12:22:55.896 [Test worker] DEBUG io.netty.util.internal.PlatformDependent0 - -Dio.netty.noUnsafe: false
12:22:55.896 [Test worker] DEBUG io.netty.util.internal.PlatformDependent0 - Java version: 8
12:22:55.897 [Test worker] DEBUG io.netty.util.internal.PlatformDependent0 - sun.misc.Unsafe.theUnsafe: available
12:22:55.897 [Test worker] DEBUG io.netty.util.internal.PlatformDependent0 - sun.misc.Unsafe.copyMemory: available
12:22:55.898 [Test worker] DEBUG io.netty.util.internal.PlatformDependent0 - java.nio.Buffer.address: available
12:22:55.898 [Test worker] DEBUG io.netty.util.internal.PlatformDependent0 - direct buffer constructor: available
12:22:55.899 [Test worker] DEBUG io.netty.util.internal.PlatformDependent0 - java.nio.Bits.unaligned: available, true
12:22:55.899 [Test worker] DEBUG io.netty.util.internal.PlatformDependent0 - jdk.internal.misc.Unsafe.allocateUninitializedArray(int): unavailable prior to Java9
12:22:55.899 [Test worker] DEBUG io.netty.util.internal.PlatformDependent0 - java.nio.DirectByteBuffer.<init>(long, int): available
12:22:55.899 [Test worker] DEBUG io.netty.util.internal.PlatformDependent - sun.misc.Unsafe: available
12:22:55.899 [Test worker] DEBUG io.netty.util.internal.PlatformDependent - -Dio.netty.tmpdir: /var/folders/cl/tc61spsj4dqg0ghkmtdkzx900000gn/T (java.io.tmpdir)
12:22:55.899 [Test worker] DEBUG io.netty.util.internal.PlatformDependent - -Dio.netty.bitMode: 64 (sun.arch.data.model)
12:22:55.900 [Test worker] DEBUG io.netty.util.internal.PlatformDependent - -Dio.netty.maxDirectMemory: 3817865216 bytes
12:22:55.900 [Test worker] DEBUG io.netty.util.internal.PlatformDependent - -Dio.netty.uninitializedArrayAllocationThreshold: -1
12:22:55.901 [Test worker] DEBUG io.netty.util.internal.CleanerJava6 - java.nio.ByteBuffer.cleaner(): available
12:22:55.901 [Test worker] DEBUG io.netty.util.internal.PlatformDependent - -Dio.netty.noPreferDirect: false
12:22:55.905 [Test worker] DEBUG io.netty.util.internal.PlatformDependent - org.jctools-core.MpscChunkedArrayQueue: available
12:22:55.918 [Test worker] DEBUG io.netty.resolver.dns.DefaultDnsServerAddressStreamProvider - Default DNS servers: [/103.86.96.100:53, /103.86.99.100:53] (sun.net.dns.ResolverConfiguration)
12:22:55.922 [Test worker] DEBUG io.netty.util.NetUtil - -Djava.net.preferIPv4Stack: false
12:22:55.922 [Test worker] DEBUG io.netty.util.NetUtil - -Djava.net.preferIPv6Addresses: false
12:22:55.926 [Test worker] DEBUG io.netty.util.NetUtil - Loopback interface: lo0 (lo0, 0:0:0:0:0:0:0:1%lo0)
12:22:55.927 [Test worker] DEBUG io.netty.util.NetUtil - Failed to get SOMAXCONN from sysctl and file /proc/sys/net/core/somaxconn. Default: 128
12:22:56.785 [vert.x-eventloop-thread-1] INFO  Application - PostgreSQL Connectivity -> [OK]
12:22:56.794 [vert.x-eventloop-thread-1] INFO  Application - Starting HTTP Server...
12:22:56.928 [vert.x-eventloop-thread-1] DEBUG io.netty.buffer.PooledByteBufAllocator - -Dio.netty.allocator.numHeapArenas: 16
12:22:56.929 [vert.x-eventloop-thread-1] DEBUG io.netty.buffer.PooledByteBufAllocator - -Dio.netty.allocator.numDirectArenas: 16
12:22:56.929 [vert.x-eventloop-thread-1] DEBUG io.netty.buffer.PooledByteBufAllocator - -Dio.netty.allocator.pageSize: 8192
12:22:56.929 [vert.x-eventloop-thread-1] DEBUG io.netty.buffer.PooledByteBufAllocator - -Dio.netty.allocator.maxOrder: 11
12:22:56.929 [vert.x-eventloop-thread-1] DEBUG io.netty.buffer.PooledByteBufAllocator - -Dio.netty.allocator.chunkSize: 16777216
12:22:56.929 [vert.x-eventloop-thread-1] DEBUG io.netty.buffer.PooledByteBufAllocator - -Dio.netty.allocator.tinyCacheSize: 512
12:22:56.929 [vert.x-eventloop-thread-1] DEBUG io.netty.buffer.PooledByteBufAllocator - -Dio.netty.allocator.smallCacheSize: 256
12:22:56.929 [vert.x-eventloop-thread-1] DEBUG io.netty.buffer.PooledByteBufAllocator - -Dio.netty.allocator.normalCacheSize: 64
12:22:56.929 [vert.x-eventloop-thread-1] DEBUG io.netty.buffer.PooledByteBufAllocator - -Dio.netty.allocator.maxCachedBufferCapacity: 32768
12:22:56.929 [vert.x-eventloop-thread-1] DEBUG io.netty.buffer.PooledByteBufAllocator - -Dio.netty.allocator.cacheTrimInterval: 8192
12:22:56.930 [vert.x-eventloop-thread-1] DEBUG io.netty.buffer.PooledByteBufAllocator - -Dio.netty.allocator.useCacheForAllThreads: true
12:22:56.932 [vert.x-eventloop-thread-1] DEBUG io.netty.util.internal.InternalThreadLocalMap - -Dio.netty.threadLocalMap.stringBuilder.initialSize: 1024
12:22:56.932 [vert.x-eventloop-thread-1] DEBUG io.netty.util.internal.InternalThreadLocalMap - -Dio.netty.threadLocalMap.stringBuilder.maxSize: 4096
12:22:56.967 [vert.x-eventloop-thread-1] DEBUG io.netty.channel.DefaultChannelId - -Dio.netty.processId: 1124 (auto-detected)
12:22:56.969 [vert.x-eventloop-thread-1] DEBUG io.netty.channel.DefaultChannelId - -Dio.netty.machineId: f0:18:98:ff:fe:65:87:72 (auto-detected)
12:22:56.983 [vert.x-eventloop-thread-1] DEBUG io.netty.buffer.ByteBufUtil - -Dio.netty.allocator.type: pooled
12:22:56.983 [vert.x-eventloop-thread-1] DEBUG io.netty.buffer.ByteBufUtil - -Dio.netty.threadLocalDirectBufferSize: 0
12:22:56.983 [vert.x-eventloop-thread-1] DEBUG io.netty.buffer.ByteBufUtil - -Dio.netty.maxThreadLocalCharBufferSize: 16384
12:22:56.994 [vert.x-eventloop-thread-1] INFO  Application - HTTP Server is Running!
12:22:57.064 [vert.x-eventloop-thread-4] DEBUG io.netty.buffer.AbstractByteBuf - -Dio.netty.buffer.checkAccessible: true
12:22:57.064 [vert.x-eventloop-thread-4] DEBUG io.netty.buffer.AbstractByteBuf - -Dio.netty.buffer.checkBounds: true
12:22:57.065 [vert.x-eventloop-thread-4] DEBUG io.netty.util.ResourceLeakDetectorFactory - Loaded default ResourceLeakDetector: io.netty.util.ResourceLeakDetector@46d84d8b
12:22:57.095 [vert.x-eventloop-thread-4] DEBUG io.netty.util.Recycler - -Dio.netty.recycler.maxCapacityPerThread: 4096
12:22:57.095 [vert.x-eventloop-thread-4] DEBUG io.netty.util.Recycler - -Dio.netty.recycler.maxSharedCapacityFactor: 2
12:22:57.095 [vert.x-eventloop-thread-4] DEBUG io.netty.util.Recycler - -Dio.netty.recycler.linkCapacity: 16
12:22:57.096 [vert.x-eventloop-thread-4] DEBUG io.netty.util.Recycler - -Dio.netty.recycler.ratio: 8
12:22:57.107 [vert.x-eventloop-thread-1] DEBUG io.netty.handler.codec.compression.ZlibCodecFactory - -Dio.netty.noJdkZlibDecoder: false
12:22:57.107 [vert.x-eventloop-thread-1] DEBUG io.netty.handler.codec.compression.ZlibCodecFactory - -Dio.netty.noJdkZlibEncoder: false
12:22:57.125 [vert.x-eventloop-thread-1] DEBUG Application - GetTablesHandler - Schema being fetched -> 
12:22:57.125 [vert.x-eventloop-thread-1] DEBUG Application - SELECT * FROM pg_catalog.pg_tables
			WHERE
			schemaname != 'pg_catalog'
			AND schemaname != 'information_schema'
;
12:22:57.189 [vert.x-eventloop-thread-1] ERROR Application - GetTablesHandler -  SQL Statement successfully executed 
12:22:57.214 [vert.x-eventloop-thread-1] DEBUG Application - GetTablesHandler - Schema being fetched -> 
12:22:57.214 [vert.x-eventloop-thread-1] DEBUG Application - SELECT * FROM pg_catalog.pg_tables
			WHERE
			schemaname != 'pg_catalog'
			AND schemaname != 'information_schema'
;
12:22:57.267 [vert.x-eventloop-thread-1] ERROR Application - GetTablesHandler -  SQL Statement successfully executed 
12:22:57.272 [vert.x-eventloop-thread-1] DEBUG Application - GetTablesHandler - Schema being fetched -> public
12:22:57.272 [vert.x-eventloop-thread-1] DEBUG Application - SELECT * FROM pg_catalog.pg_tables
			WHERE
			schemaname != 'pg_catalog'
			AND schemaname != 'information_schema'
AND LOWER(schemaname) = 'public';
12:22:57.324 [vert.x-eventloop-thread-1] ERROR Application - GetTablesHandler -  SQL Statement successfully executed 
12:22:57.327 [vert.x-eventloop-thread-1] DEBUG Application - GetTablesHandler - Schema being fetched -> public
12:22:57.327 [vert.x-eventloop-thread-1] DEBUG Application - SELECT * FROM pg_catalog.pg_tables
			WHERE
			schemaname != 'pg_catalog'
			AND schemaname != 'information_schema'
AND LOWER(schemaname) = 'public';
12:22:57.389 [vert.x-eventloop-thread-1] ERROR Application - GetTablesHandler -  SQL Statement successfully executed 
12:22:57.392 [vert.x-eventloop-thread-1] DEBUG Application - GetTablesHandler - Schema being fetched -> 
12:22:57.392 [vert.x-eventloop-thread-1] DEBUG Application - SELECT * FROM pg_catalog.pg_tables
			WHERE
			schemaname != 'pg_catalog'
			AND schemaname != 'information_schema'
;
12:22:57.444 [vert.x-eventloop-thread-1] ERROR Application - GetTablesHandler -  SQL Statement successfully executed 
12:22:57.447 [vert.x-eventloop-thread-1] DEBUG Application - GetTablesHandler - Schema being fetched -> 
12:22:57.447 [vert.x-eventloop-thread-1] DEBUG Application - SELECT * FROM pg_catalog.pg_tables
			WHERE
			schemaname != 'pg_catalog'
			AND schemaname != 'information_schema'
;
12:22:57.499 [vert.x-eventloop-thread-1] ERROR Application - GetTablesHandler -  SQL Statement successfully executed 
12:22:57.504 [vert.x-eventloop-thread-1] DEBUG Application - GetTablesHandler - Schema being fetched -> public
12:22:57.504 [vert.x-eventloop-thread-1] DEBUG Application - SELECT * FROM pg_catalog.pg_tables
			WHERE
			schemaname != 'pg_catalog'
			AND schemaname != 'information_schema'
AND LOWER(schemaname) = 'public';
12:22:57.557 [vert.x-eventloop-thread-1] ERROR Application - GetTablesHandler -  SQL Statement successfully executed 
12:22:57.563 [vert.x-eventloop-thread-1] DEBUG Application - GetTablesHandler - Schema being fetched -> public
12:22:57.563 [vert.x-eventloop-thread-1] DEBUG Application - SELECT * FROM pg_catalog.pg_tables
			WHERE
			schemaname != 'pg_catalog'
			AND schemaname != 'information_schema'
AND LOWER(schemaname) = 'public';
12:22:57.615 [vert.x-eventloop-thread-1] ERROR Application - GetTablesHandler -  SQL Statement successfully executed 
12:22:57.643 [vert.x-eventloop-thread-1] DEBUG io.netty.buffer.PoolThreadCache - Freed 4 thread-local buffer(s) from thread: vert.x-eventloop-thread-1
12:22:57.643 [vert.x-eventloop-thread-4] DEBUG io.netty.buffer.PoolThreadCache - Freed 2 thread-local buffer(s) from thread: vert.x-eventloop-thread-4
12:22:57.643 [vert.x-eventloop-thread-7] DEBUG io.netty.buffer.PoolThreadCache - Freed 2 thread-local buffer(s) from thread: vert.x-eventloop-thread-7
12:22:57.643 [vert.x-eventloop-thread-10] DEBUG io.netty.buffer.PoolThreadCache - Freed 2 thread-local buffer(s) from thread: vert.x-eventloop-thread-10
]]></system-out>
  <system-err><![CDATA[Jan 17, 2019 12:22:56 PM com.mchange.v2.log.MLog 
INFO: MLog clients using java 1.4+ standard logging.
Jan 17, 2019 12:22:56 PM com.mchange.v2.c3p0.C3P0Registry 
INFO: Initializing c3p0-0.9.5.2 [built 08-December-2015 22:06:04 -0800; debug? true; trace: 10]
Jan 17, 2019 12:22:56 PM com.mchange.v2.c3p0.impl.AbstractPoolBackedDataSource 
INFO: Initializing c3p0 pool... com.mchange.v2.c3p0.ComboPooledDataSource [ acquireIncrement -> 3, acquireRetryAttempts -> 30, acquireRetryDelay -> 1000, autoCommitOnClose -> false, automaticTestTable -> null, breakAfterAcquireFailure -> false, checkoutTimeout -> 0, connectionCustomizerClassName -> null, connectionTesterClassName -> com.mchange.v2.c3p0.impl.DefaultConnectionTester, contextClassLoaderSource -> caller, dataSourceName -> 1hge157a0pglw1h1ar2mve|68411288, debugUnreturnedConnectionStackTraces -> false, description -> null, driverClass -> org.postgresql.Driver, extensions -> {}, factoryClassLocation -> null, forceIgnoreUnresolvedTransactions -> false, forceSynchronousCheckins -> false, forceUseNamedDriverClass -> false, identityToken -> 1hge157a0pglw1h1ar2mve|68411288, idleConnectionTestPeriod -> 0, initialPoolSize -> 3, jdbcUrl -> jdbc:postgresql://127.0.0.1:5431/, maxAdministrativeTaskTime -> 0, maxConnectionAge -> 0, maxIdleTime -> 0, maxIdleTimeExcessConnections -> 0, maxPoolSize -> 15, maxStatements -> 0, maxStatementsPerConnection -> 0, minPoolSize -> 3, numHelperThreads -> 3, preferredTestQuery -> null, privilegeSpawnedThreads -> false, properties -> {user=******, password=******}, propertyCycle -> 0, statementCacheNumDeferredCloseThreads -> 0, testConnectionOnCheckin -> false, testConnectionOnCheckout -> false, unreturnedConnectionTimeout -> 0, userOverrides -> {}, usesTraditionalReflectiveProxies -> false ]
]]></system-err>
</testsuite>
