<?xml version="1.0" encoding="UTF-8"?>
<testsuite name="test.GetDataTests" tests="6" skipped="0" failures="0" errors="0" timestamp="2019-01-17T12:23:01" hostname="MacBook-Pro-de-Pedro.local" time="0.261">
  <properties/>
  <testcase name="getDataStatusCodeTest1" classname="test.GetDataTests" time="0.076"/>
  <testcase name="getDataStatusCodeTest2" classname="test.GetDataTests" time="0.004"/>
  <testcase name="getDataStatusCodeTest3" classname="test.GetDataTests" time="0.062"/>
  <testcase name="getDataContentTest1" classname="test.GetDataTests" time="0.058"/>
  <testcase name="getDataContentTest2" classname="test.GetDataTests" time="0.057"/>
  <testcase name="getDataContentTest3" classname="test.GetDataTests" time="0.004"/>
  <system-out><![CDATA[12:23:01.755 [vert.x-eventloop-thread-1] INFO  Application - PostgreSQL Connectivity -> [OK]
12:23:01.756 [vert.x-eventloop-thread-1] INFO  Application - Starting HTTP Server...
12:23:01.758 [vert.x-eventloop-thread-1] INFO  Application - HTTP Server is Running!
12:23:01.763 [vert.x-eventloop-thread-1] INFO  Application - GetDataHandler - Handling Data Query Request
12:23:01.763 [vert.x-eventloop-thread-1] DEBUG Application - GetDataHandler - Request Body: {"select":"column1,column2","where":"column1 = 'value1'"}
12:23:01.763 [vert.x-eventloop-thread-1] INFO  Application - GetDataHandler - Query passed to DB: 
SELECT column1,column2
FROM "public"."get_data_test" 
 WHERE column1 = 'value1';
12:23:01.834 [vert.x-eventloop-thread-1] INFO  Application - GetDataHandler - number of rows in query results: 1
12:23:01.838 [vert.x-eventloop-thread-1] INFO  Application - GetDataHandler - Handling Data Query Request
12:23:01.838 [vert.x-eventloop-thread-1] DEBUG Application - GetDataHandler - Request Body: ""
12:23:01.839 [vert.x-eventloop-thread-1] ERROR Application - GetDataHandler - Request Body is not valid
12:23:01.839 [vert.x-eventloop-thread-1] ERROR Application - Request Body is not valid
12:23:01.843 [vert.x-eventloop-thread-1] INFO  Application - GetDataHandler - Handling Data Query Request
12:23:01.843 [vert.x-eventloop-thread-1] DEBUG Application - GetDataHandler - Request Body: {}
12:23:01.843 [vert.x-eventloop-thread-1] INFO  Application - GetDataHandler - Query passed to DB: 
SELECT *
FROM "public"."get_data_test" 
 ;
12:23:01.900 [vert.x-eventloop-thread-1] INFO  Application - GetDataHandler - number of rows in query results: 3
12:23:01.905 [vert.x-eventloop-thread-1] INFO  Application - GetDataHandler - Handling Data Query Request
12:23:01.905 [vert.x-eventloop-thread-1] DEBUG Application - GetDataHandler - Request Body: {"select":"column1,column2","where":"column1 = 'value1'"}
12:23:01.906 [vert.x-eventloop-thread-1] INFO  Application - GetDataHandler - Query passed to DB: 
SELECT column1,column2
FROM "public"."get_data_test" 
 WHERE column1 = 'value1';
12:23:01.958 [vert.x-eventloop-thread-1] INFO  Application - GetDataHandler - number of rows in query results: 1
12:23:01.962 [vert.x-eventloop-thread-1] INFO  Application - GetDataHandler - Handling Data Query Request
12:23:01.962 [vert.x-eventloop-thread-1] DEBUG Application - GetDataHandler - Request Body: {}
12:23:01.963 [vert.x-eventloop-thread-1] INFO  Application - GetDataHandler - Query passed to DB: 
SELECT *
FROM "public"."get_data_test" 
 ;
12:23:02.015 [vert.x-eventloop-thread-1] INFO  Application - GetDataHandler - number of rows in query results: 3
12:23:02.019 [vert.x-eventloop-thread-1] INFO  Application - GetDataHandler - Handling Data Query Request
12:23:02.019 [vert.x-eventloop-thread-1] DEBUG Application - GetDataHandler - Request Body: ""
12:23:02.020 [vert.x-eventloop-thread-1] ERROR Application - GetDataHandler - Request Body is not valid
12:23:02.020 [vert.x-eventloop-thread-1] ERROR Application - Request Body is not valid
{
  "error" : "Request Body is not valid"
}
12:23:02.025 [vert.x-eventloop-thread-1] DEBUG io.netty.buffer.PoolThreadCache - Freed 3 thread-local buffer(s) from thread: vert.x-eventloop-thread-1
12:23:02.025 [vert.x-eventloop-thread-4] DEBUG io.netty.buffer.PoolThreadCache - Freed 3 thread-local buffer(s) from thread: vert.x-eventloop-thread-4
12:23:02.025 [vert.x-eventloop-thread-7] DEBUG io.netty.buffer.PoolThreadCache - Freed 2 thread-local buffer(s) from thread: vert.x-eventloop-thread-7
12:23:02.026 [vert.x-eventloop-thread-10] DEBUG io.netty.buffer.PoolThreadCache - Freed 2 thread-local buffer(s) from thread: vert.x-eventloop-thread-10
]]></system-out>
  <system-err><![CDATA[Jan 17, 2019 12:23:01 PM com.mchange.v2.c3p0.impl.AbstractPoolBackedDataSource 
INFO: Initializing c3p0 pool... com.mchange.v2.c3p0.ComboPooledDataSource [ acquireIncrement -> 3, acquireRetryAttempts -> 30, acquireRetryDelay -> 1000, autoCommitOnClose -> false, automaticTestTable -> null, breakAfterAcquireFailure -> false, checkoutTimeout -> 0, connectionCustomizerClassName -> null, connectionTesterClassName -> com.mchange.v2.c3p0.impl.DefaultConnectionTester, contextClassLoaderSource -> caller, dataSourceName -> 1hge157a0pglw1h1ar2mve|d8eb098, debugUnreturnedConnectionStackTraces -> false, description -> null, driverClass -> org.postgresql.Driver, extensions -> {}, factoryClassLocation -> null, forceIgnoreUnresolvedTransactions -> false, forceSynchronousCheckins -> false, forceUseNamedDriverClass -> false, identityToken -> 1hge157a0pglw1h1ar2mve|d8eb098, idleConnectionTestPeriod -> 0, initialPoolSize -> 3, jdbcUrl -> jdbc:postgresql://127.0.0.1:5431/, maxAdministrativeTaskTime -> 0, maxConnectionAge -> 0, maxIdleTime -> 0, maxIdleTimeExcessConnections -> 0, maxPoolSize -> 15, maxStatements -> 0, maxStatementsPerConnection -> 0, minPoolSize -> 3, numHelperThreads -> 3, preferredTestQuery -> null, privilegeSpawnedThreads -> false, properties -> {user=******, password=******}, propertyCycle -> 0, statementCacheNumDeferredCloseThreads -> 0, testConnectionOnCheckin -> false, testConnectionOnCheckout -> false, unreturnedConnectionTimeout -> 0, userOverrides -> {}, usesTraditionalReflectiveProxies -> false ]
]]></system-err>
</testsuite>
