<?xml version="1.0" encoding="UTF-8"?>
<testsuite name="test.DeleteDataTests" tests="6" skipped="0" failures="0" errors="0" timestamp="2019-01-17T12:22:59" hostname="MacBook-Pro-de-Pedro.local" time="0.324">
  <properties/>
  <testcase name="deleteDataComposedTest" classname="test.DeleteDataTests" time="0.17"/>
  <testcase name="deleteDataStatusCodeTest1" classname="test.DeleteDataTests" time="0.006"/>
  <testcase name="deleteDataStatusCodeTest2" classname="test.DeleteDataTests" time="0.004"/>
  <testcase name="deleteDataStatusCodeTest3" classname="test.DeleteDataTests" time="0.067"/>
  <testcase name="deleteDataContentTest1" classname="test.DeleteDataTests" time="0.069"/>
  <testcase name="deleteDataContentTest2" classname="test.DeleteDataTests" time="0.005"/>
  <system-out><![CDATA[12:22:59.546 [vert.x-eventloop-thread-1] INFO  Application - PostgreSQL Connectivity -> [OK]
12:22:59.547 [vert.x-eventloop-thread-1] INFO  Application - Starting HTTP Server...
12:22:59.548 [vert.x-eventloop-thread-1] INFO  Application - HTTP Server is Running!
12:22:59.553 [vert.x-eventloop-thread-1] INFO  Application - GetDataHandler - Handling Data Query Request
12:22:59.553 [vert.x-eventloop-thread-1] DEBUG Application - GetDataHandler - Request Body: {}
12:22:59.553 [vert.x-eventloop-thread-1] INFO  Application - GetDataHandler - Query passed to DB: 
SELECT *
FROM "public"."delete_data_test" 
 ;
12:22:59.604 [vert.x-eventloop-thread-1] INFO  Application - GetDataHandler - number of rows in query results: 0
12:22:59.608 [vert.x-eventloop-thread-1] INFO  Application - DeleteDataHandler - Handling Data Query Request
12:22:59.608 [vert.x-eventloop-thread-1] DEBUG Application - DeleteDataHandler - Request Body: {"where":""}
12:22:59.609 [vert.x-eventloop-thread-1] INFO  Application - DeleteDataHandler - Query passed to DB: 
DELETE FROM "public"."delete_data_test" 
 
12:22:59.663 [vert.x-eventloop-thread-1] INFO  Application - InsertDataHandler - SQL Statement successfully executed 
12:22:59.667 [vert.x-eventloop-thread-1] INFO  Application - GetDataHandler - Handling Data Query Request
12:22:59.667 [vert.x-eventloop-thread-1] DEBUG Application - GetDataHandler - Request Body: {}
12:22:59.668 [vert.x-eventloop-thread-1] INFO  Application - GetDataHandler - Query passed to DB: 
SELECT *
FROM "public"."delete_data_test" 
 ;
12:22:59.717 [vert.x-eventloop-thread-1] INFO  Application - GetDataHandler - number of rows in query results: 0
0
0
12:22:59.724 [vert.x-eventloop-thread-1] INFO  Application - DeleteDataHandler - Handling Data Query Request
12:22:59.725 [vert.x-eventloop-thread-1] DEBUG Application - DeleteDataHandler - Request Body: {}
12:22:59.725 [vert.x-eventloop-thread-1] ERROR Application - DeleteDataHandler - Request Body is not valid
12:22:59.725 [vert.x-eventloop-thread-1] ERROR Application - Request Body is not valid
12:22:59.729 [vert.x-eventloop-thread-1] INFO  Application - DeleteDataHandler - Handling Data Query Request
12:22:59.729 [vert.x-eventloop-thread-1] DEBUG Application - DeleteDataHandler - Request Body: ""
12:22:59.730 [vert.x-eventloop-thread-1] ERROR Application - DeleteDataHandler - Request Body is not valid
12:22:59.730 [vert.x-eventloop-thread-1] ERROR Application - Request Body is not valid
12:22:59.734 [vert.x-eventloop-thread-1] INFO  Application - DeleteDataHandler - Handling Data Query Request
12:22:59.734 [vert.x-eventloop-thread-1] DEBUG Application - DeleteDataHandler - Request Body: {"where":"column1 = 'value1'"}
12:22:59.734 [vert.x-eventloop-thread-1] INFO  Application - DeleteDataHandler - Query passed to DB: 
DELETE FROM "public"."delete_data_test" 
 WHERE column1 = 'value1';
12:22:59.795 [vert.x-eventloop-thread-1] INFO  Application - InsertDataHandler - SQL Statement successfully executed 
12:22:59.804 [vert.x-eventloop-thread-1] INFO  Application - DeleteDataHandler - Handling Data Query Request
12:22:59.805 [vert.x-eventloop-thread-1] DEBUG Application - DeleteDataHandler - Request Body: {"where":"column1 = 'value2' or column1 = 'value3'"}
12:22:59.805 [vert.x-eventloop-thread-1] INFO  Application - DeleteDataHandler - Query passed to DB: 
DELETE FROM "public"."delete_data_test" 
 WHERE column1 = 'value2' or column1 = 'value3';
12:22:59.865 [vert.x-eventloop-thread-1] INFO  Application - InsertDataHandler - SQL Statement successfully executed 
12:22:59.872 [vert.x-eventloop-thread-1] INFO  Application - DeleteDataHandler - Handling Data Query Request
12:22:59.872 [vert.x-eventloop-thread-1] DEBUG Application - DeleteDataHandler - Request Body: {}
12:22:59.872 [vert.x-eventloop-thread-1] ERROR Application - DeleteDataHandler - Request Body is not valid
12:22:59.872 [vert.x-eventloop-thread-1] ERROR Application - Request Body is not valid
12:22:59.877 [vert.x-eventloop-thread-1] DEBUG io.netty.buffer.PoolThreadCache - Freed 6 thread-local buffer(s) from thread: vert.x-eventloop-thread-1
12:22:59.877 [vert.x-eventloop-thread-4] DEBUG io.netty.buffer.PoolThreadCache - Freed 5 thread-local buffer(s) from thread: vert.x-eventloop-thread-4
12:22:59.877 [vert.x-eventloop-thread-7] DEBUG io.netty.buffer.PoolThreadCache - Freed 2 thread-local buffer(s) from thread: vert.x-eventloop-thread-7
12:22:59.878 [vert.x-eventloop-thread-10] DEBUG io.netty.buffer.PoolThreadCache - Freed 2 thread-local buffer(s) from thread: vert.x-eventloop-thread-10
]]></system-out>
  <system-err><![CDATA[Jan 17, 2019 12:22:58 PM com.mchange.v2.c3p0.impl.AbstractPoolBackedDataSource 
INFO: Initializing c3p0 pool... com.mchange.v2.c3p0.ComboPooledDataSource [ acquireIncrement -> 3, acquireRetryAttempts -> 30, acquireRetryDelay -> 1000, autoCommitOnClose -> false, automaticTestTable -> null, breakAfterAcquireFailure -> false, checkoutTimeout -> 0, connectionCustomizerClassName -> null, connectionTesterClassName -> com.mchange.v2.c3p0.impl.DefaultConnectionTester, contextClassLoaderSource -> caller, dataSourceName -> 1hge157a0pglw1h1ar2mve|79d276ce, debugUnreturnedConnectionStackTraces -> false, description -> null, driverClass -> org.postgresql.Driver, extensions -> {}, factoryClassLocation -> null, forceIgnoreUnresolvedTransactions -> false, forceSynchronousCheckins -> false, forceUseNamedDriverClass -> false, identityToken -> 1hge157a0pglw1h1ar2mve|79d276ce, idleConnectionTestPeriod -> 0, initialPoolSize -> 3, jdbcUrl -> jdbc:postgresql://127.0.0.1:5431/, maxAdministrativeTaskTime -> 0, maxConnectionAge -> 0, maxIdleTime -> 0, maxIdleTimeExcessConnections -> 0, maxPoolSize -> 15, maxStatements -> 0, maxStatementsPerConnection -> 0, minPoolSize -> 3, numHelperThreads -> 3, preferredTestQuery -> null, privilegeSpawnedThreads -> false, properties -> {user=******, password=******}, propertyCycle -> 0, statementCacheNumDeferredCloseThreads -> 0, testConnectionOnCheckin -> false, testConnectionOnCheckout -> false, unreturnedConnectionTimeout -> 0, userOverrides -> {}, usesTraditionalReflectiveProxies -> false ]
]]></system-err>
</testsuite>
